{
  "/Users/danielbawa/Documents/sher/apps/api/src/auth/auth.controller.ts": {
    "path": "/Users/danielbawa/Documents/sher/apps/api/src/auth/auth.controller.ts",
    "statementMap": {
      "0": { "start": { "line": 1, "column": 0 }, "end": { "line": 1, "column": null } },
      "1": { "start": { "line": 12, "column": 0 }, "end": { "line": 12, "column": 57 } },
      "2": { "start": { "line": 13, "column": 0 }, "end": { "line": 13, "column": 45 } },
      "3": { "start": { "line": 14, "column": 0 }, "end": { "line": 14, "column": 66 } },
      "4": { "start": { "line": 15, "column": 0 }, "end": { "line": 15, "column": 55 } },
      "5": { "start": { "line": 16, "column": 0 }, "end": { "line": 16, "column": 56 } },
      "6": { "start": { "line": 17, "column": 0 }, "end": { "line": 17, "column": 45 } },
      "7": { "start": { "line": 18, "column": 0 }, "end": { "line": 18, "column": 54 } },
      "8": { "start": { "line": 19, "column": 0 }, "end": { "line": 19, "column": 52 } },
      "9": { "start": { "line": 20, "column": 0 }, "end": { "line": 20, "column": 47 } },
      "10": { "start": { "line": 21, "column": 0 }, "end": { "line": 21, "column": 62 } },
      "11": { "start": { "line": 22, "column": 0 }, "end": { "line": 22, "column": 66 } },
      "12": { "start": { "line": 23, "column": 0 }, "end": { "line": 23, "column": 55 } },
      "13": { "start": { "line": 28, "column": 7 }, "end": { "line": 105, "column": null } },
      "14": { "start": { "line": 30, "column": 21 }, "end": { "line": 30, "column": 27 } },
      "15": { "start": { "line": 31, "column": 21 }, "end": { "line": 31, "column": 34 } },
      "16": { "start": { "line": 32, "column": 21 }, "end": { "line": 32, "column": 29 } },
      "17": { "start": { "line": 39, "column": 4 }, "end": { "line": 39, "column": 43 } },
      "18": { "start": { "line": 46, "column": 4 }, "end": { "line": 46, "column": 36 } },
      "19": { "start": { "line": 53, "column": 4 }, "end": { "line": 53, "column": 47 } },
      "20": { "start": { "line": 59, "column": 4 }, "end": { "line": 59, "column": 46 } },
      "21": { "start": { "line": 66, "column": 4 }, "end": { "line": 66, "column": 46 } },
      "22": { "start": { "line": 72, "column": 4 }, "end": { "line": 72, "column": 44 } },
      "23": { "start": { "line": 81, "column": 19 }, "end": { "line": 85, "column": 6 } },
      "24": { "start": { "line": 86, "column": 4 }, "end": { "line": 86, "column": 29 } },
      "25": { "start": { "line": 95, "column": 4 }, "end": { "line": 97, "column": 7 } },
      "26": { "start": { "line": 103, "column": 4 }, "end": { "line": 103, "column": 44 } },
      "27": { "start": { "line": 28, "column": 13 }, "end": { "line": 28, "column": 27 } },
      "28": { "start": { "line": 38, "column": 2 }, "end": { "line": 40, "column": null } },
      "29": { "start": { "line": 45, "column": 2 }, "end": { "line": 47, "column": null } },
      "30": { "start": { "line": 52, "column": 2 }, "end": { "line": 54, "column": null } },
      "31": { "start": { "line": 58, "column": 2 }, "end": { "line": 60, "column": null } },
      "32": { "start": { "line": 65, "column": 2 }, "end": { "line": 67, "column": null } },
      "33": { "start": { "line": 71, "column": 2 }, "end": { "line": 73, "column": null } },
      "34": { "start": { "line": 77, "column": 8 }, "end": { "line": 87, "column": null } },
      "35": { "start": { "line": 91, "column": 8 }, "end": { "line": 98, "column": null } },
      "36": { "start": { "line": 102, "column": 2 }, "end": { "line": 104, "column": null } },
      "37": { "start": { "line": 28, "column": 13 }, "end": { "line": 105, "column": null } }
    },
    "fnMap": {
      "0": {
        "name": "(anonymous_4)",
        "decl": { "start": { "line": 29, "column": 2 }, "end": { "line": 29, "column": null } },
        "loc": { "start": { "line": 32, "column": 42 }, "end": { "line": 33, "column": 6 } }
      },
      "1": {
        "name": "(anonymous_5)",
        "decl": { "start": { "line": 38, "column": 2 }, "end": { "line": 38, "column": 12 } },
        "loc": { "start": { "line": 38, "column": 39 }, "end": { "line": 40, "column": 3 } }
      },
      "2": {
        "name": "(anonymous_6)",
        "decl": { "start": { "line": 45, "column": 2 }, "end": { "line": 45, "column": 11 } },
        "loc": { "start": { "line": 45, "column": 37 }, "end": { "line": 47, "column": 3 } }
      },
      "3": {
        "name": "(anonymous_7)",
        "decl": { "start": { "line": 52, "column": 2 }, "end": { "line": 52, "column": 9 } },
        "loc": { "start": { "line": 52, "column": 33 }, "end": { "line": 54, "column": 3 } }
      },
      "4": {
        "name": "(anonymous_8)",
        "decl": { "start": { "line": 58, "column": 2 }, "end": { "line": 58, "column": 8 } },
        "loc": { "start": { "line": 58, "column": 31 }, "end": { "line": 60, "column": 3 } }
      },
      "5": {
        "name": "(anonymous_9)",
        "decl": { "start": { "line": 65, "column": 2 }, "end": { "line": 65, "column": 13 } },
        "loc": { "start": { "line": 65, "column": 41 }, "end": { "line": 67, "column": 3 } }
      },
      "6": {
        "name": "(anonymous_10)",
        "decl": { "start": { "line": 71, "column": 2 }, "end": { "line": 71, "column": 13 } },
        "loc": { "start": { "line": 71, "column": 52 }, "end": { "line": 73, "column": 3 } }
      },
      "7": {
        "name": "(anonymous_11)",
        "decl": { "start": { "line": 77, "column": 2 }, "end": { "line": 77, "column": 7 } },
        "loc": { "start": { "line": 79, "column": 34 }, "end": { "line": 87, "column": 3 } }
      },
      "8": {
        "name": "(anonymous_12)",
        "decl": { "start": { "line": 91, "column": 2 }, "end": { "line": 91, "column": 7 } },
        "loc": { "start": { "line": 93, "column": 27 }, "end": { "line": 98, "column": 3 } }
      },
      "9": {
        "name": "(anonymous_13)",
        "decl": { "start": { "line": 102, "column": 2 }, "end": { "line": 102, "column": 15 } },
        "loc": { "start": { "line": 102, "column": 54 }, "end": { "line": 104, "column": 3 } }
      }
    },
    "branchMap": {},
    "s": {
      "0": 2,
      "1": 2,
      "2": 2,
      "3": 2,
      "4": 2,
      "5": 2,
      "6": 2,
      "7": 2,
      "8": 2,
      "9": 2,
      "10": 2,
      "11": 2,
      "12": 2,
      "13": 2,
      "14": 2,
      "15": 2,
      "16": 2,
      "17": 1,
      "18": 8,
      "19": 3,
      "20": 2,
      "21": 1,
      "22": 1,
      "23": 1,
      "24": 1,
      "25": 1,
      "26": 1,
      "27": 2,
      "28": 2,
      "29": 2,
      "30": 2,
      "31": 2,
      "32": 2,
      "33": 2,
      "34": 2,
      "35": 2,
      "36": 2,
      "37": 2
    },
    "f": { "0": 2, "1": 1, "2": 8, "3": 3, "4": 2, "5": 1, "6": 1, "7": 1, "8": 1, "9": 1 },
    "b": {}
  },
  "/Users/danielbawa/Documents/sher/apps/api/src/auth/auth.service.ts": {
    "path": "/Users/danielbawa/Documents/sher/apps/api/src/auth/auth.service.ts",
    "statementMap": {
      "0": { "start": { "line": 1, "column": 0 }, "end": { "line": 1, "column": 65 } },
      "1": { "start": { "line": 3, "column": 0 }, "end": { "line": 3, "column": 57 } },
      "2": { "start": { "line": 5, "column": 0 }, "end": { "line": 5, "column": 66 } },
      "3": { "start": { "line": 6, "column": 0 }, "end": { "line": 6, "column": 47 } },
      "4": { "start": { "line": 7, "column": 0 }, "end": { "line": 7, "column": 68 } },
      "5": { "start": { "line": 8, "column": 0 }, "end": { "line": 8, "column": 53 } },
      "6": { "start": { "line": 23, "column": 7 }, "end": { "line": 99, "column": null } },
      "7": { "start": { "line": 25, "column": 21 }, "end": { "line": 25, "column": 29 } },
      "8": { "start": { "line": 26, "column": 21 }, "end": { "line": 26, "column": 26 } },
      "9": { "start": { "line": 27, "column": 21 }, "end": { "line": 27, "column": 29 } },
      "10": { "start": { "line": 28, "column": 21 }, "end": { "line": 28, "column": 36 } },
      "11": { "start": { "line": 29, "column": 21 }, "end": { "line": 29, "column": 34 } },
      "12": { "start": { "line": 33, "column": 4 }, "end": { "line": 33, "column": 38 } },
      "13": { "start": { "line": 37, "column": 22 }, "end": { "line": 37, "column": 73 } },
      "14": { "start": { "line": 39, "column": 21 }, "end": { "line": 39, "column": 76 } },
      "15": { "start": { "line": 40, "column": 22 }, "end": { "line": 40, "column": 31 } },
      "16": { "start": { "line": 42, "column": 4 }, "end": { "line": 46, "column": 5 } },
      "17": { "start": { "line": 43, "column": 6 }, "end": { "line": 45, "column": 8 } },
      "18": { "start": { "line": 49, "column": 4 }, "end": { "line": 60, "column": 5 } },
      "19": { "start": { "line": 50, "column": 6 }, "end": { "line": 56, "column": 9 } },
      "20": { "start": { "line": 57, "column": 6 }, "end": { "line": 57, "column": 67 } },
      "21": { "start": { "line": 59, "column": 6 }, "end": { "line": 59, "column": 22 } },
      "22": { "start": { "line": 62, "column": 24 }, "end": { "line": 62, "column": 72 } },
      "23": { "start": { "line": 63, "column": 63 }, "end": { "line": 64, "column": null } },
      "24": { "start": { "line": 67, "column": 4 }, "end": { "line": 78, "column": 6 } },
      "25": { "start": { "line": 82, "column": 39 }, "end": { "line": 82, "column": 87 } },
      "26": { "start": { "line": 83, "column": 17 }, "end": { "line": 83, "column": 84 } },
      "27": { "start": { "line": 84, "column": 24 }, "end": { "line": 84, "column": 72 } },
      "28": { "start": { "line": 85, "column": 4 }, "end": { "line": 85, "column": 75 } },
      "29": { "start": { "line": 89, "column": 4 }, "end": { "line": 89, "column": 53 } },
      "30": { "start": { "line": 93, "column": 4 }, "end": { "line": 93, "column": 54 } },
      "31": { "start": { "line": 94, "column": 4 }, "end": { "line": 97, "column": 7 } },
      "32": { "start": { "line": 23, "column": 13 }, "end": { "line": 23, "column": 24 } },
      "33": { "start": { "line": 23, "column": 13 }, "end": { "line": 99, "column": null } }
    },
    "fnMap": {
      "0": {
        "name": "(anonymous_2)",
        "decl": { "start": { "line": 24, "column": 2 }, "end": { "line": 24, "column": null } },
        "loc": { "start": { "line": 29, "column": 52 }, "end": { "line": 30, "column": 6 } }
      },
      "1": {
        "name": "(anonymous_3)",
        "decl": { "start": { "line": 32, "column": 2 }, "end": { "line": 32, "column": 7 } },
        "loc": { "start": { "line": 32, "column": 32 }, "end": { "line": 34, "column": 3 } }
      },
      "2": {
        "name": "(anonymous_4)",
        "decl": { "start": { "line": 36, "column": 2 }, "end": { "line": 36, "column": 7 } },
        "loc": { "start": { "line": 36, "column": 35 }, "end": { "line": 79, "column": 3 } }
      },
      "3": {
        "name": "(anonymous_5)",
        "decl": { "start": { "line": 81, "column": 2 }, "end": { "line": 81, "column": 7 } },
        "loc": { "start": { "line": 81, "column": 39 }, "end": { "line": 86, "column": 3 } }
      },
      "4": {
        "name": "(anonymous_6)",
        "decl": { "start": { "line": 88, "column": 2 }, "end": { "line": 88, "column": 7 } },
        "loc": { "start": { "line": 88, "column": 38 }, "end": { "line": 90, "column": 3 } }
      },
      "5": {
        "name": "(anonymous_7)",
        "decl": { "start": { "line": 92, "column": 2 }, "end": { "line": 92, "column": 7 } },
        "loc": { "start": { "line": 92, "column": 36 }, "end": { "line": 98, "column": 3 } }
      }
    },
    "branchMap": {
      "0": {
        "loc": { "start": { "line": 42, "column": 4 }, "end": { "line": 46, "column": 5 } },
        "type": "if",
        "locations": [{ "start": { "line": 42, "column": 4 }, "end": { "line": 46, "column": 5 } }]
      },
      "1": {
        "loc": { "start": { "line": 42, "column": 8 }, "end": { "line": 42, "column": 31 } },
        "type": "binary-expr",
        "locations": [
          { "start": { "line": 42, "column": 8 }, "end": { "line": 42, "column": 17 } },
          { "start": { "line": 42, "column": 21 }, "end": { "line": 42, "column": 31 } }
        ]
      },
      "2": {
        "loc": { "start": { "line": 49, "column": 4 }, "end": { "line": 60, "column": 5 } },
        "type": "if",
        "locations": [
          { "start": { "line": 49, "column": 4 }, "end": { "line": 60, "column": 5 } },
          { "start": { "line": 58, "column": 11 }, "end": { "line": 60, "column": 5 } }
        ]
      },
      "3": {
        "loc": { "start": { "line": 54, "column": 28 }, "end": { "line": 54, "column": 57 } },
        "type": "binary-expr",
        "locations": [
          { "start": { "line": 54, "column": 28 }, "end": { "line": 54, "column": 48 } },
          { "start": { "line": 54, "column": 52 }, "end": { "line": 54, "column": 57 } }
        ]
      }
    },
    "s": {
      "0": 3,
      "1": 3,
      "2": 3,
      "3": 3,
      "4": 3,
      "5": 3,
      "6": 3,
      "7": 11,
      "8": 11,
      "9": 11,
      "10": 11,
      "11": 11,
      "12": 2,
      "13": 13,
      "14": 13,
      "15": 13,
      "16": 13,
      "17": 2,
      "18": 11,
      "19": 9,
      "20": 9,
      "21": 2,
      "22": 11,
      "23": 11,
      "24": 11,
      "25": 4,
      "26": 2,
      "27": 2,
      "28": 2,
      "29": 3,
      "30": 2,
      "31": 2,
      "32": 3,
      "33": 3
    },
    "f": { "0": 11, "1": 2, "2": 13, "3": 4, "4": 3, "5": 2 },
    "b": { "0": [2], "1": [13, 11], "2": [9, 2], "3": [9, 8] }
  },
  "/Users/danielbawa/Documents/sher/apps/api/src/auth/decorators/current-user.decorator.ts": {
    "path": "/Users/danielbawa/Documents/sher/apps/api/src/auth/decorators/current-user.decorator.ts",
    "statementMap": {
      "0": { "start": { "line": 2, "column": 0 }, "end": { "line": 2, "column": 54 } },
      "1": { "start": { "line": 6, "column": 13 }, "end": { "line": 12, "column": 2 } },
      "2": { "start": { "line": 8, "column": 20 }, "end": { "line": 8, "column": 60 } },
      "3": { "start": { "line": 10, "column": 4 }, "end": { "line": 10, "column": 45 } }
    },
    "fnMap": {
      "0": {
        "name": "(anonymous_0)",
        "decl": { "start": { "line": 7, "column": 2 }, "end": { "line": 7, "column": 3 } },
        "loc": { "start": { "line": 7, "column": 63 }, "end": { "line": 11, "column": 3 } }
      }
    },
    "branchMap": {},
    "s": { "0": 3, "1": 3, "2": 8, "3": 8 },
    "f": { "0": 8 },
    "b": {}
  },
  "/Users/danielbawa/Documents/sher/apps/api/src/auth/decorators/public.decorator.ts": {
    "path": "/Users/danielbawa/Documents/sher/apps/api/src/auth/decorators/public.decorator.ts",
    "statementMap": {
      "0": { "start": { "line": 1, "column": 0 }, "end": { "line": 1, "column": 45 } },
      "1": { "start": { "line": 3, "column": 13 }, "end": { "line": 3, "column": 40 } },
      "2": { "start": { "line": 5, "column": 22 }, "end": { "line": 5, "column": 60 } },
      "3": { "start": { "line": 5, "column": 28 }, "end": { "line": 5, "column": 60 } },
      "4": { "start": { "line": 5, "column": 13 }, "end": { "line": 5, "column": 22 } }
    },
    "fnMap": {
      "0": {
        "name": "(anonymous_0)",
        "decl": { "start": { "line": 5, "column": 22 }, "end": { "line": 5, "column": 25 } },
        "loc": { "start": { "line": 5, "column": 28 }, "end": { "line": 5, "column": 60 } }
      }
    },
    "branchMap": {},
    "s": { "0": 4, "1": 4, "2": 4, "3": 8, "4": 4 },
    "f": { "0": 8 },
    "b": {}
  },
  "/Users/danielbawa/Documents/sher/apps/api/src/auth/email/email-verify.service.ts": {
    "path": "/Users/danielbawa/Documents/sher/apps/api/src/auth/email/email-verify.service.ts",
    "statementMap": {
      "0": { "start": { "line": 1, "column": 0 }, "end": { "line": 1, "column": 96 } },
      "1": { "start": { "line": 2, "column": 0 }, "end": { "line": 2, "column": 60 } },
      "2": { "start": { "line": 3, "column": 0 }, "end": { "line": 3, "column": 54 } },
      "3": { "start": { "line": 11, "column": 31 }, "end": { "line": 66, "column": null } },
      "4": { "start": { "line": 12, "column": 28 }, "end": { "line": 12, "column": 63 } },
      "5": { "start": { "line": 15, "column": 21 }, "end": { "line": 15, "column": 29 } },
      "6": { "start": { "line": 16, "column": 21 }, "end": { "line": 16, "column": 29 } },
      "7": { "start": { "line": 21, "column": 18 }, "end": { "line": 21, "column": 65 } },
      "8": { "start": { "line": 22, "column": 4 }, "end": { "line": 22, "column": 94 } },
      "9": { "start": { "line": 23, "column": 4 }, "end": { "line": 26, "column": 5 } },
      "10": { "start": { "line": 25, "column": 6 }, "end": { "line": 25, "column": 69 } },
      "11": { "start": { "line": 31, "column": 4 }, "end": { "line": 35, "column": 5 } },
      "12": { "start": { "line": 32, "column": 6 }, "end": { "line": 32, "column": 58 } },
      "13": { "start": { "line": 34, "column": 6 }, "end": { "line": 34, "column": 92 } },
      "14": { "start": { "line": 37, "column": 17 }, "end": { "line": 37, "column": 82 } },
      "15": { "start": { "line": 38, "column": 4 }, "end": { "line": 40, "column": 5 } },
      "16": { "start": { "line": 39, "column": 6 }, "end": { "line": 39, "column": 79 } },
      "17": { "start": { "line": 41, "column": 4 }, "end": { "line": 45, "column": 5 } },
      "18": { "start": { "line": 42, "column": 6 }, "end": { "line": 44, "column": 8 } },
      "19": { "start": { "line": 46, "column": 4 }, "end": { "line": 48, "column": 5 } },
      "20": { "start": { "line": 47, "column": 6 }, "end": { "line": 47, "column": 13 } },
      "21": { "start": { "line": 50, "column": 4 }, "end": { "line": 53, "column": 7 } },
      "22": { "start": { "line": 57, "column": 17 }, "end": { "line": 57, "column": 77 } },
      "23": { "start": { "line": 58, "column": 4 }, "end": { "line": 60, "column": 5 } },
      "24": { "start": { "line": 59, "column": 6 }, "end": { "line": 59, "column": 56 } },
      "25": { "start": { "line": 61, "column": 4 }, "end": { "line": 63, "column": 5 } },
      "26": { "start": { "line": 62, "column": 6 }, "end": { "line": 62, "column": 62 } },
      "27": { "start": { "line": 64, "column": 4 }, "end": { "line": 64, "column": 52 } },
      "28": { "start": { "line": 11, "column": 13 }, "end": { "line": 11, "column": 31 } },
      "29": { "start": { "line": 11, "column": 13 }, "end": { "line": 66, "column": null } }
    },
    "fnMap": {
      "0": {
        "name": "(anonymous_2)",
        "decl": { "start": { "line": 14, "column": 2 }, "end": { "line": 14, "column": null } },
        "loc": { "start": { "line": 16, "column": 41 }, "end": { "line": 17, "column": 6 } }
      },
      "1": {
        "name": "(anonymous_3)",
        "decl": { "start": { "line": 19, "column": 2 }, "end": { "line": 19, "column": 7 } },
        "loc": { "start": { "line": 19, "column": 54 }, "end": { "line": 27, "column": 3 } }
      },
      "2": {
        "name": "(anonymous_4)",
        "decl": { "start": { "line": 29, "column": 2 }, "end": { "line": 29, "column": 7 } },
        "loc": { "start": { "line": 29, "column": 28 }, "end": { "line": 54, "column": 3 } }
      },
      "3": {
        "name": "(anonymous_5)",
        "decl": { "start": { "line": 56, "column": 2 }, "end": { "line": 56, "column": 7 } },
        "loc": { "start": { "line": 56, "column": 29 }, "end": { "line": 65, "column": 3 } }
      }
    },
    "branchMap": {
      "0": {
        "loc": { "start": { "line": 23, "column": 4 }, "end": { "line": 26, "column": 5 } },
        "type": "if",
        "locations": [{ "start": { "line": 23, "column": 4 }, "end": { "line": 26, "column": 5 } }]
      },
      "1": {
        "loc": { "start": { "line": 38, "column": 4 }, "end": { "line": 40, "column": 5 } },
        "type": "if",
        "locations": [{ "start": { "line": 38, "column": 4 }, "end": { "line": 40, "column": 5 } }]
      },
      "2": {
        "loc": { "start": { "line": 41, "column": 4 }, "end": { "line": 45, "column": 5 } },
        "type": "if",
        "locations": [{ "start": { "line": 41, "column": 4 }, "end": { "line": 45, "column": 5 } }]
      },
      "3": {
        "loc": { "start": { "line": 46, "column": 4 }, "end": { "line": 48, "column": 5 } },
        "type": "if",
        "locations": [{ "start": { "line": 46, "column": 4 }, "end": { "line": 48, "column": 5 } }]
      },
      "4": {
        "loc": { "start": { "line": 58, "column": 4 }, "end": { "line": 60, "column": 5 } },
        "type": "if",
        "locations": [{ "start": { "line": 58, "column": 4 }, "end": { "line": 60, "column": 5 } }]
      },
      "5": {
        "loc": { "start": { "line": 61, "column": 4 }, "end": { "line": 63, "column": 5 } },
        "type": "if",
        "locations": [{ "start": { "line": 61, "column": 4 }, "end": { "line": 63, "column": 5 } }]
      }
    },
    "s": {
      "0": 6,
      "1": 6,
      "2": 6,
      "3": 6,
      "4": 10,
      "5": 10,
      "6": 10,
      "7": 2,
      "8": 2,
      "9": 2,
      "10": 2,
      "11": 5,
      "12": 5,
      "13": 1,
      "14": 4,
      "15": 4,
      "16": 1,
      "17": 3,
      "18": 1,
      "19": 2,
      "20": 1,
      "21": 1,
      "22": 3,
      "23": 3,
      "24": 1,
      "25": 2,
      "26": 1,
      "27": 1,
      "28": 6,
      "29": 6
    },
    "f": { "0": 10, "1": 2, "2": 5, "3": 3 },
    "b": { "0": [2], "1": [1], "2": [1], "3": [1], "4": [1], "5": [1] }
  },
  "/Users/danielbawa/Documents/sher/apps/api/src/auth/guards/jwt-auth.guard.ts": {
    "path": "/Users/danielbawa/Documents/sher/apps/api/src/auth/guards/jwt-auth.guard.ts",
    "statementMap": {
      "0": { "start": { "line": 2, "column": 0 }, "end": { "line": 2, "column": 67 } },
      "1": { "start": { "line": 3, "column": 0 }, "end": { "line": 3, "column": 41 } },
      "2": { "start": { "line": 5, "column": 0 }, "end": { "line": 5, "column": 63 } },
      "3": { "start": { "line": 6, "column": 0 }, "end": { "line": 6, "column": 54 } },
      "4": { "start": { "line": 9, "column": 7 }, "end": { "line": 38, "column": null } },
      "5": { "start": { "line": 11, "column": 21 }, "end": { "line": 11, "column": 29 } },
      "6": { "start": { "line": 12, "column": 21 }, "end": { "line": 12, "column": 32 } },
      "7": { "start": { "line": 16, "column": 21 }, "end": { "line": 19, "column": 6 } },
      "8": { "start": { "line": 20, "column": 4 }, "end": { "line": 20, "column": 30 } },
      "9": { "start": { "line": 20, "column": 18 }, "end": { "line": 20, "column": 30 } },
      "10": { "start": { "line": 22, "column": 20 }, "end": { "line": 22, "column": 64 } },
      "11": { "start": { "line": 23, "column": 23 }, "end": { "line": 23, "column": 55 } },
      "12": { "start": { "line": 25, "column": 4 }, "end": { "line": 27, "column": 5 } },
      "13": { "start": { "line": 26, "column": 6 }, "end": { "line": 26, "column": 81 } },
      "14": { "start": { "line": 29, "column": 18 }, "end": { "line": 29, "column": 37 } },
      "15": { "start": { "line": 30, "column": 4 }, "end": { "line": 36, "column": 5 } },
      "16": { "start": { "line": 31, "column": 22 }, "end": { "line": 31, "column": 58 } },
      "17": { "start": { "line": 32, "column": 6 }, "end": { "line": 32, "column": 63 } },
      "18": { "start": { "line": 33, "column": 6 }, "end": { "line": 33, "column": 18 } },
      "19": { "start": { "line": 35, "column": 6 }, "end": { "line": 35, "column": 84 } },
      "20": { "start": { "line": 9, "column": 13 }, "end": { "line": 9, "column": 25 } },
      "21": { "start": { "line": 9, "column": 13 }, "end": { "line": 38, "column": null } }
    },
    "fnMap": {
      "0": {
        "name": "(anonymous_2)",
        "decl": { "start": { "line": 10, "column": 2 }, "end": { "line": 10, "column": null } },
        "loc": { "start": { "line": 12, "column": 41 }, "end": { "line": 13, "column": 6 } }
      },
      "1": {
        "name": "(anonymous_3)",
        "decl": { "start": { "line": 15, "column": 2 }, "end": { "line": 15, "column": 13 } },
        "loc": { "start": { "line": 15, "column": 39 }, "end": { "line": 37, "column": 3 } }
      }
    },
    "branchMap": {
      "0": {
        "loc": { "start": { "line": 20, "column": 4 }, "end": { "line": 20, "column": 30 } },
        "type": "if",
        "locations": [{ "start": { "line": 20, "column": 4 }, "end": { "line": 20, "column": 30 } }]
      },
      "1": {
        "loc": { "start": { "line": 25, "column": 4 }, "end": { "line": 27, "column": 5 } },
        "type": "if",
        "locations": [{ "start": { "line": 25, "column": 4 }, "end": { "line": 27, "column": 5 } }]
      }
    },
    "s": {
      "0": 4,
      "1": 4,
      "2": 4,
      "3": 4,
      "4": 4,
      "5": 10,
      "6": 10,
      "7": 27,
      "8": 27,
      "9": 15,
      "10": 12,
      "11": 12,
      "12": 12,
      "13": 3,
      "14": 9,
      "15": 9,
      "16": 9,
      "17": 7,
      "18": 7,
      "19": 2,
      "20": 4,
      "21": 4
    },
    "f": { "0": 10, "1": 27 },
    "b": { "0": [15], "1": [3] }
  },
  "/Users/danielbawa/Documents/sher/apps/api/src/auth/guards/roles.guard.ts": {
    "path": "/Users/danielbawa/Documents/sher/apps/api/src/auth/guards/roles.guard.ts",
    "statementMap": {
      "0": { "start": { "line": 2, "column": 0 }, "end": { "line": 2, "column": 44 } },
      "1": { "start": { "line": 3, "column": 0 }, "end": { "line": 3, "column": 41 } },
      "2": { "start": { "line": 5, "column": 13 }, "end": { "line": 5, "column": 33 } },
      "3": { "start": { "line": 14, "column": 7 }, "end": { "line": 27, "column": null } },
      "4": { "start": { "line": 15, "column": 31 }, "end": { "line": 15, "column": 42 } },
      "5": { "start": { "line": 18, "column": 21 }, "end": { "line": 21, "column": 6 } },
      "6": { "start": { "line": 22, "column": 4 }, "end": { "line": 22, "column": 56 } },
      "7": { "start": { "line": 22, "column": 44 }, "end": { "line": 22, "column": 56 } },
      "8": { "start": { "line": 25, "column": 4 }, "end": { "line": 25, "column": 16 } },
      "9": { "start": { "line": 14, "column": 13 }, "end": { "line": 14, "column": 23 } },
      "10": { "start": { "line": 14, "column": 13 }, "end": { "line": 27, "column": null } }
    },
    "fnMap": {
      "0": {
        "name": "(anonymous_2)",
        "decl": { "start": { "line": 15, "column": 2 }, "end": { "line": 15, "column": 31 } },
        "loc": { "start": { "line": 15, "column": 51 }, "end": { "line": 15, "column": 55 } }
      },
      "1": {
        "name": "(anonymous_3)",
        "decl": { "start": { "line": 17, "column": 2 }, "end": { "line": 17, "column": 13 } },
        "loc": { "start": { "line": 17, "column": 39 }, "end": { "line": 26, "column": 3 } }
      }
    },
    "branchMap": {
      "0": {
        "loc": { "start": { "line": 22, "column": 4 }, "end": { "line": 22, "column": 56 } },
        "type": "if",
        "locations": [{ "start": { "line": 22, "column": 4 }, "end": { "line": 22, "column": 56 } }]
      },
      "1": {
        "loc": { "start": { "line": 22, "column": 8 }, "end": { "line": 22, "column": 42 } },
        "type": "binary-expr",
        "locations": [
          { "start": { "line": 22, "column": 8 }, "end": { "line": 22, "column": 17 } },
          { "start": { "line": 22, "column": 21 }, "end": { "line": 22, "column": 42 } }
        ]
      }
    },
    "s": {
      "0": 3,
      "1": 3,
      "2": 3,
      "3": 3,
      "4": 5,
      "5": 3,
      "6": 3,
      "7": 2,
      "8": 1,
      "9": 3,
      "10": 3
    },
    "f": { "0": 5, "1": 3 },
    "b": { "0": [2], "1": [3, 2] }
  },
  "/Users/danielbawa/Documents/sher/apps/api/src/auth/guards/room-role.guard.ts": {
    "path": "/Users/danielbawa/Documents/sher/apps/api/src/auth/guards/room-role.guard.ts",
    "statementMap": {
      "0": { "start": { "line": 2, "column": 0 }, "end": { "line": 2, "column": 44 } },
      "1": { "start": { "line": 3, "column": 0 }, "end": { "line": 3, "column": 41 } },
      "2": { "start": { "line": 5, "column": 13 }, "end": { "line": 5, "column": 40 } },
      "3": { "start": { "line": 13, "column": 7 }, "end": { "line": 21, "column": null } },
      "4": { "start": { "line": 14, "column": 31 }, "end": { "line": 14, "column": 42 } },
      "5": { "start": { "line": 19, "column": 4 }, "end": { "line": 19, "column": 16 } },
      "6": { "start": { "line": 13, "column": 13 }, "end": { "line": 13, "column": 26 } },
      "7": { "start": { "line": 13, "column": 13 }, "end": { "line": 21, "column": null } }
    },
    "fnMap": {
      "0": {
        "name": "(anonymous_2)",
        "decl": { "start": { "line": 14, "column": 2 }, "end": { "line": 14, "column": 31 } },
        "loc": { "start": { "line": 14, "column": 51 }, "end": { "line": 14, "column": 55 } }
      },
      "1": {
        "name": "(anonymous_3)",
        "decl": { "start": { "line": 16, "column": 2 }, "end": { "line": 16, "column": 13 } },
        "loc": { "start": { "line": 16, "column": 40 }, "end": { "line": 20, "column": 3 } }
      }
    },
    "branchMap": {},
    "s": { "0": 3, "1": 3, "2": 3, "3": 3, "4": 3, "5": 1, "6": 3, "7": 3 },
    "f": { "0": 3, "1": 1 },
    "b": {}
  },
  "/Users/danielbawa/Documents/sher/apps/api/src/auth/otp/otp.service.ts": {
    "path": "/Users/danielbawa/Documents/sher/apps/api/src/auth/otp/otp.service.ts",
    "statementMap": {
      "0": { "start": { "line": 1, "column": 0 }, "end": { "line": 1, "column": 88 } },
      "1": { "start": { "line": 2, "column": 0 }, "end": { "line": 2, "column": 33 } },
      "2": { "start": { "line": 3, "column": 0 }, "end": { "line": 3, "column": 35 } },
      "3": { "start": { "line": 4, "column": 0 }, "end": { "line": 4, "column": 60 } },
      "4": { "start": { "line": 5, "column": 0 }, "end": { "line": 5, "column": 47 } },
      "5": { "start": { "line": 6, "column": 0 }, "end": { "line": 6, "column": 56 } },
      "6": { "start": { "line": 8, "column": 13 }, "end": { "line": 8, "column": 34 } },
      "7": { "start": { "line": 9, "column": 13 }, "end": { "line": 9, "column": 37 } },
      "8": { "start": { "line": 10, "column": 13 }, "end": { "line": 10, "column": 41 } },
      "9": { "start": { "line": 11, "column": 22 }, "end": { "line": 11, "column": 24 } },
      "10": { "start": { "line": 18, "column": 7 }, "end": { "line": 95, "column": null } },
      "11": { "start": { "line": 22, "column": 21 }, "end": { "line": 22, "column": 29 } },
      "12": { "start": { "line": 26, "column": 4 }, "end": { "line": 26, "column": 78 } },
      "13": { "start": { "line": 30, "column": 23 }, "end": { "line": 30, "column": 60 } },
      "14": { "start": { "line": 31, "column": 24 }, "end": { "line": 33, "column": 6 } },
      "15": { "start": { "line": 35, "column": 4 }, "end": { "line": 39, "column": 5 } },
      "16": { "start": { "line": 36, "column": 6 }, "end": { "line": 38, "column": 8 } },
      "17": { "start": { "line": 41, "column": 17 }, "end": { "line": 41, "column": 68 } },
      "18": { "start": { "line": 42, "column": 21 }, "end": { "line": 42, "column": 59 } },
      "19": { "start": { "line": 43, "column": 22 }, "end": { "line": 43, "column": 75 } },
      "20": { "start": { "line": 45, "column": 22 }, "end": { "line": 47, "column": 6 } },
      "21": { "start": { "line": 49, "column": 4 }, "end": { "line": 49, "column": 46 } },
      "22": { "start": { "line": 51, "column": 4 }, "end": { "line": 51, "column": 41 } },
      "23": { "start": { "line": 60, "column": 22 }, "end": { "line": 62, "column": 6 } },
      "24": { "start": { "line": 64, "column": 4 }, "end": { "line": 66, "column": 5 } },
      "25": { "start": { "line": 65, "column": 6 }, "end": { "line": 65, "column": 75 } },
      "26": { "start": { "line": 67, "column": 4 }, "end": { "line": 69, "column": 5 } },
      "27": { "start": { "line": 68, "column": 6 }, "end": { "line": 68, "column": 79 } },
      "28": { "start": { "line": 70, "column": 4 }, "end": { "line": 72, "column": 5 } },
      "29": { "start": { "line": 71, "column": 6 }, "end": { "line": 71, "column": 77 } },
      "30": { "start": { "line": 73, "column": 4 }, "end": { "line": 75, "column": 5 } },
      "31": { "start": { "line": 74, "column": 6 }, "end": { "line": 74, "column": 79 } },
      "32": { "start": { "line": 78, "column": 4 }, "end": { "line": 81, "column": 7 } },
      "33": { "start": { "line": 83, "column": 18 }, "end": { "line": 83, "column": 64 } },
      "34": { "start": { "line": 84, "column": 4 }, "end": { "line": 86, "column": 5 } },
      "35": { "start": { "line": 85, "column": 6 }, "end": { "line": 85, "column": 73 } },
      "36": { "start": { "line": 88, "column": 4 }, "end": { "line": 91, "column": 7 } },
      "37": { "start": { "line": 93, "column": 4 }, "end": { "line": 93, "column": 38 } },
      "38": { "start": { "line": 18, "column": 13 }, "end": { "line": 18, "column": 23 } },
      "39": { "start": { "line": 18, "column": 13 }, "end": { "line": 95, "column": null } }
    },
    "fnMap": {
      "0": {
        "name": "(anonymous_11)",
        "decl": { "start": { "line": 21, "column": 2 }, "end": { "line": 21, "column": null } },
        "loc": { "start": { "line": 24, "column": 32 }, "end": { "line": 27, "column": 3 } }
      },
      "1": {
        "name": "(anonymous_12)",
        "decl": { "start": { "line": 29, "column": 2 }, "end": { "line": 29, "column": 7 } },
        "loc": { "start": { "line": 29, "column": 32 }, "end": { "line": 52, "column": 3 } }
      },
      "2": {
        "name": "(anonymous_13)",
        "decl": { "start": { "line": 59, "column": 2 }, "end": { "line": 59, "column": 7 } },
        "loc": { "start": { "line": 59, "column": 51 }, "end": { "line": 94, "column": 3 } }
      }
    },
    "branchMap": {
      "0": {
        "loc": { "start": { "line": 26, "column": 21 }, "end": { "line": 26, "column": 77 } },
        "type": "cond-expr",
        "locations": [
          { "start": { "line": 26, "column": 58 }, "end": { "line": 26, "column": 68 } },
          { "start": { "line": 26, "column": 71 }, "end": { "line": 26, "column": 77 } }
        ]
      },
      "1": {
        "loc": { "start": { "line": 35, "column": 4 }, "end": { "line": 39, "column": 5 } },
        "type": "if",
        "locations": [{ "start": { "line": 35, "column": 4 }, "end": { "line": 39, "column": 5 } }]
      },
      "2": {
        "loc": { "start": { "line": 64, "column": 4 }, "end": { "line": 66, "column": 5 } },
        "type": "if",
        "locations": [{ "start": { "line": 64, "column": 4 }, "end": { "line": 66, "column": 5 } }]
      },
      "3": {
        "loc": { "start": { "line": 67, "column": 4 }, "end": { "line": 69, "column": 5 } },
        "type": "if",
        "locations": [{ "start": { "line": 67, "column": 4 }, "end": { "line": 69, "column": 5 } }]
      },
      "4": {
        "loc": { "start": { "line": 70, "column": 4 }, "end": { "line": 72, "column": 5 } },
        "type": "if",
        "locations": [{ "start": { "line": 70, "column": 4 }, "end": { "line": 72, "column": 5 } }]
      },
      "5": {
        "loc": { "start": { "line": 73, "column": 4 }, "end": { "line": 75, "column": 5 } },
        "type": "if",
        "locations": [{ "start": { "line": 73, "column": 4 }, "end": { "line": 75, "column": 5 } }]
      },
      "6": {
        "loc": { "start": { "line": 84, "column": 4 }, "end": { "line": 86, "column": 5 } },
        "type": "if",
        "locations": [{ "start": { "line": 84, "column": 4 }, "end": { "line": 86, "column": 5 } }]
      }
    },
    "s": {
      "0": 4,
      "1": 4,
      "2": 4,
      "3": 4,
      "4": 4,
      "5": 4,
      "6": 4,
      "7": 4,
      "8": 4,
      "9": 4,
      "10": 4,
      "11": 11,
      "12": 11,
      "13": 3,
      "14": 3,
      "15": 3,
      "16": 2,
      "17": 1,
      "18": 1,
      "19": 1,
      "20": 1,
      "21": 1,
      "22": 1,
      "23": 7,
      "24": 7,
      "25": 1,
      "26": 6,
      "27": 1,
      "28": 5,
      "29": 1,
      "30": 4,
      "31": 1,
      "32": 3,
      "33": 3,
      "34": 3,
      "35": 2,
      "36": 1,
      "37": 1,
      "38": 4,
      "39": 4
    },
    "f": { "0": 11, "1": 3, "2": 7 },
    "b": { "0": [11, 0], "1": [2], "2": [1], "3": [1], "4": [1], "5": [1], "6": [2] }
  },
  "/Users/danielbawa/Documents/sher/apps/api/src/auth/otp/termii-mock.client.ts": {
    "path": "/Users/danielbawa/Documents/sher/apps/api/src/auth/otp/termii-mock.client.ts",
    "statementMap": {
      "0": { "start": { "line": 1, "column": 0 }, "end": { "line": 1, "column": 52 } },
      "1": { "start": { "line": 9, "column": 29 }, "end": { "line": 17, "column": null } },
      "2": { "start": { "line": 10, "column": 28 }, "end": { "line": 10, "column": 61 } },
      "3": { "start": { "line": 14, "column": 4 }, "end": { "line": 14, "column": 85 } },
      "4": { "start": { "line": 15, "column": 4 }, "end": { "line": 15, "column": 55 } },
      "5": { "start": { "line": 9, "column": 13 }, "end": { "line": 9, "column": 29 } },
      "6": { "start": { "line": 9, "column": 13 }, "end": { "line": 17, "column": null } }
    },
    "fnMap": {
      "0": {
        "name": "(anonymous_1)",
        "decl": { "start": { "line": 12, "column": 2 }, "end": { "line": 12, "column": 7 } },
        "loc": { "start": { "line": 12, "column": 44 }, "end": { "line": 16, "column": 3 } }
      }
    },
    "branchMap": {},
    "s": { "0": 5, "1": 5, "2": 2, "3": 1, "4": 1, "5": 5, "6": 5 },
    "f": { "0": 1 },
    "b": {}
  },
  "/Users/danielbawa/Documents/sher/apps/api/src/auth/otp/termii.client.ts": {
    "path": "/Users/danielbawa/Documents/sher/apps/api/src/auth/otp/termii.client.ts",
    "statementMap": {
      "0": { "start": { "line": 1, "column": 0 }, "end": { "line": 1, "column": 52 } },
      "1": { "start": { "line": 9, "column": 25 }, "end": { "line": 47, "column": null } },
      "2": { "start": { "line": 10, "column": 28 }, "end": { "line": 10, "column": 57 } },
      "3": { "start": { "line": 13, "column": 19 }, "end": { "line": 13, "column": 48 } },
      "4": { "start": { "line": 14, "column": 21 }, "end": { "line": 14, "column": 62 } },
      "5": { "start": { "line": 16, "column": 17 }, "end": { "line": 23, "column": 6 } },
      "6": { "start": { "line": 25, "column": 4 }, "end": { "line": 45, "column": 5 } },
      "7": { "start": { "line": 26, "column": 23 }, "end": { "line": 30, "column": 8 } },
      "8": { "start": { "line": 32, "column": 6 }, "end": { "line": 38, "column": 7 } },
      "9": { "start": { "line": 33, "column": 8 }, "end": { "line": 36, "column": 10 } },
      "10": { "start": { "line": 37, "column": 8 }, "end": { "line": 37, "column": 34 } },
      "11": { "start": { "line": 40, "column": 20 }, "end": { "line": 40, "column": 41 } },
      "12": { "start": { "line": 41, "column": 6 }, "end": { "line": 41, "column": 59 } },
      "13": { "start": { "line": 43, "column": 6 }, "end": { "line": 43, "column": 57 } },
      "14": { "start": { "line": 44, "column": 6 }, "end": { "line": 44, "column": 32 } },
      "15": { "start": { "line": 9, "column": 13 }, "end": { "line": 9, "column": 25 } },
      "16": { "start": { "line": 9, "column": 13 }, "end": { "line": 47, "column": null } }
    },
    "fnMap": {
      "0": {
        "name": "(anonymous_1)",
        "decl": { "start": { "line": 12, "column": 2 }, "end": { "line": 12, "column": 7 } },
        "loc": { "start": { "line": 12, "column": 43 }, "end": { "line": 46, "column": 3 } }
      }
    },
    "branchMap": {
      "0": {
        "loc": { "start": { "line": 14, "column": 21 }, "end": { "line": 14, "column": 62 } },
        "type": "binary-expr",
        "locations": [
          { "start": { "line": 14, "column": 21 }, "end": { "line": 14, "column": 52 } },
          { "start": { "line": 14, "column": 56 }, "end": { "line": 14, "column": 62 } }
        ]
      },
      "1": {
        "loc": { "start": { "line": 32, "column": 6 }, "end": { "line": 38, "column": 7 } },
        "type": "if",
        "locations": [{ "start": { "line": 32, "column": 6 }, "end": { "line": 38, "column": 7 } }]
      }
    },
    "s": {
      "0": 5,
      "1": 5,
      "2": 4,
      "3": 3,
      "4": 3,
      "5": 3,
      "6": 3,
      "7": 3,
      "8": 2,
      "9": 1,
      "10": 1,
      "11": 1,
      "12": 1,
      "13": 1,
      "14": 1,
      "15": 5,
      "16": 5
    },
    "f": { "0": 3 },
    "b": { "0": [3, 3], "1": [1] }
  },
  "/Users/danielbawa/Documents/sher/apps/api/src/auth/token/refresh-token.service.ts": {
    "path": "/Users/danielbawa/Documents/sher/apps/api/src/auth/token/refresh-token.service.ts",
    "statementMap": {
      "0": { "start": { "line": 1, "column": 0 }, "end": { "line": 1, "column": 67 } },
      "1": { "start": { "line": 2, "column": 0 }, "end": { "line": 2, "column": 61 } },
      "2": { "start": { "line": 3, "column": 0 }, "end": { "line": 3, "column": 60 } },
      "3": { "start": { "line": 5, "column": 33 }, "end": { "line": 5, "column": 35 } },
      "4": { "start": { "line": 8, "column": 2 }, "end": { "line": 8, "column": 56 } },
      "5": { "start": { "line": 17, "column": 7 }, "end": { "line": 84, "column": null } },
      "6": { "start": { "line": 18, "column": 31 }, "end": { "line": 18, "column": 39 } },
      "7": { "start": { "line": 21, "column": 16 }, "end": { "line": 21, "column": 47 } },
      "8": { "start": { "line": 22, "column": 22 }, "end": { "line": 22, "column": 36 } },
      "9": { "start": { "line": 23, "column": 19 }, "end": { "line": 23, "column": 43 } },
      "10": { "start": { "line": 24, "column": 17 }, "end": { "line": 26, "column": null } },
      "11": { "start": { "line": 28, "column": 22 }, "end": { "line": 28, "column": 71 } },
      "12": { "start": { "line": 30, "column": 4 }, "end": { "line": 32, "column": 7 } },
      "13": { "start": { "line": 34, "column": 4 }, "end": { "line": 34, "column": 30 } },
      "14": { "start": { "line": 38, "column": 22 }, "end": { "line": 38, "column": 41 } },
      "15": { "start": { "line": 39, "column": 19 }, "end": { "line": 39, "column": 86 } },
      "16": { "start": { "line": 41, "column": 4 }, "end": { "line": 43, "column": 5 } },
      "17": { "start": { "line": 42, "column": 6 }, "end": { "line": 42, "column": 75 } },
      "18": { "start": { "line": 45, "column": 4 }, "end": { "line": 54, "column": 5 } },
      "19": { "start": { "line": 47, "column": 6 }, "end": { "line": 50, "column": 9 } },
      "20": { "start": { "line": 51, "column": 6 }, "end": { "line": 53, "column": 8 } },
      "21": { "start": { "line": 56, "column": 4 }, "end": { "line": 58, "column": 5 } },
      "22": { "start": { "line": 57, "column": 6 }, "end": { "line": 57, "column": 77 } },
      "23": { "start": { "line": 61, "column": 4 }, "end": { "line": 64, "column": 7 } },
      "24": { "start": { "line": 66, "column": 19 }, "end": { "line": 66, "column": 67 } },
      "25": { "start": { "line": 67, "column": 4 }, "end": { "line": 67, "column": 48 } },
      "26": { "start": { "line": 71, "column": 22 }, "end": { "line": 71, "column": 41 } },
      "27": { "start": { "line": 72, "column": 4 }, "end": { "line": 75, "column": 7 } },
      "28": { "start": { "line": 79, "column": 4 }, "end": { "line": 82, "column": 7 } },
      "29": { "start": { "line": 17, "column": 13 }, "end": { "line": 17, "column": 32 } },
      "30": { "start": { "line": 17, "column": 13 }, "end": { "line": 84, "column": null } }
    },
    "fnMap": {
      "0": {
        "name": "hashToken",
        "decl": { "start": { "line": 7, "column": 9 }, "end": { "line": 7, "column": 18 } },
        "loc": { "start": { "line": 7, "column": 30 }, "end": { "line": 9, "column": 1 } }
      },
      "1": {
        "name": "(anonymous_3)",
        "decl": { "start": { "line": 18, "column": 2 }, "end": { "line": 18, "column": 31 } },
        "loc": { "start": { "line": 18, "column": 52 }, "end": { "line": 18, "column": 56 } }
      },
      "2": {
        "name": "(anonymous_4)",
        "decl": { "start": { "line": 20, "column": 2 }, "end": { "line": 20, "column": 7 } },
        "loc": { "start": { "line": 20, "column": 47 }, "end": { "line": 35, "column": 3 } }
      },
      "3": {
        "name": "(anonymous_5)",
        "decl": { "start": { "line": 37, "column": 2 }, "end": { "line": 37, "column": 7 } },
        "loc": { "start": { "line": 37, "column": 31 }, "end": { "line": 68, "column": 3 } }
      },
      "4": {
        "name": "(anonymous_6)",
        "decl": { "start": { "line": 70, "column": 2 }, "end": { "line": 70, "column": 7 } },
        "loc": { "start": { "line": 70, "column": 31 }, "end": { "line": 76, "column": 3 } }
      },
      "5": {
        "name": "(anonymous_7)",
        "decl": { "start": { "line": 78, "column": 2 }, "end": { "line": 78, "column": 7 } },
        "loc": { "start": { "line": 78, "column": 39 }, "end": { "line": 83, "column": 3 } }
      }
    },
    "branchMap": {
      "0": {
        "loc": { "start": { "line": 23, "column": 19 }, "end": { "line": 23, "column": 43 } },
        "type": "binary-expr",
        "locations": [
          { "start": { "line": 23, "column": 19 }, "end": { "line": 23, "column": 27 } },
          { "start": { "line": 23, "column": 31 }, "end": { "line": 23, "column": 43 } }
        ]
      },
      "1": {
        "loc": { "start": { "line": 25, "column": 6 }, "end": { "line": 25, "column": 77 } },
        "type": "binary-expr",
        "locations": [
          { "start": { "line": 25, "column": 6 }, "end": { "line": 25, "column": 41 } },
          { "start": { "line": 25, "column": 45 }, "end": { "line": 25, "column": 77 } }
        ]
      },
      "2": {
        "loc": { "start": { "line": 41, "column": 4 }, "end": { "line": 43, "column": 5 } },
        "type": "if",
        "locations": [{ "start": { "line": 41, "column": 4 }, "end": { "line": 43, "column": 5 } }]
      },
      "3": {
        "loc": { "start": { "line": 45, "column": 4 }, "end": { "line": 54, "column": 5 } },
        "type": "if",
        "locations": [{ "start": { "line": 45, "column": 4 }, "end": { "line": 54, "column": 5 } }]
      },
      "4": {
        "loc": { "start": { "line": 56, "column": 4 }, "end": { "line": 58, "column": 5 } },
        "type": "if",
        "locations": [{ "start": { "line": 56, "column": 4 }, "end": { "line": 58, "column": 5 } }]
      }
    },
    "s": {
      "0": 4,
      "1": 4,
      "2": 4,
      "3": 4,
      "4": 21,
      "5": 4,
      "6": 10,
      "7": 11,
      "8": 11,
      "9": 11,
      "10": 11,
      "11": 11,
      "12": 11,
      "13": 11,
      "14": 7,
      "15": 7,
      "16": 7,
      "17": 1,
      "18": 6,
      "19": 3,
      "20": 3,
      "21": 3,
      "22": 1,
      "23": 2,
      "24": 2,
      "25": 2,
      "26": 3,
      "27": 3,
      "28": 2,
      "29": 4,
      "30": 4
    },
    "f": { "0": 21, "1": 10, "2": 11, "3": 7, "4": 3, "5": 2 },
    "b": { "0": [11, 8], "1": [11, 0], "2": [1], "3": [3], "4": [1] }
  },
  "/Users/danielbawa/Documents/sher/apps/api/src/auth/token/token.service.ts": {
    "path": "/Users/danielbawa/Documents/sher/apps/api/src/auth/token/token.service.ts",
    "statementMap": {
      "0": { "start": { "line": 1, "column": 0 }, "end": { "line": 1, "column": 44 } },
      "1": { "start": { "line": 2, "column": 0 }, "end": { "line": 2, "column": 41 } },
      "2": { "start": { "line": 3, "column": 0 }, "end": { "line": 3, "column": 36 } },
      "3": { "start": { "line": 6, "column": 33 }, "end": { "line": 6, "column": 36 } },
      "4": { "start": { "line": 9, "column": 7 }, "end": { "line": 43, "column": null } },
      "5": { "start": { "line": 10, "column": 31 }, "end": { "line": 10, "column": 36 } },
      "6": { "start": { "line": 13, "column": 61 }, "end": { "line": 17, "column": 6 } },
      "7": { "start": { "line": 18, "column": 16 }, "end": { "line": 18, "column": 76 } },
      "8": { "start": { "line": 19, "column": 4 }, "end": { "line": 19, "column": 54 } },
      "9": { "start": { "line": 23, "column": 4 }, "end": { "line": 23, "column": 54 } },
      "10": { "start": { "line": 27, "column": 66 }, "end": { "line": 32, "column": 6 } },
      "11": { "start": { "line": 33, "column": 4 }, "end": { "line": 33, "column": 75 } },
      "12": { "start": { "line": 37, "column": 20 }, "end": { "line": 37, "column": 67 } },
      "13": { "start": { "line": 38, "column": 4 }, "end": { "line": 40, "column": 5 } },
      "14": { "start": { "line": 39, "column": 6 }, "end": { "line": 39, "column": 45 } },
      "15": { "start": { "line": 41, "column": 4 }, "end": { "line": 41, "column": 19 } },
      "16": { "start": { "line": 9, "column": 13 }, "end": { "line": 9, "column": 25 } },
      "17": { "start": { "line": 9, "column": 13 }, "end": { "line": 43, "column": null } }
    },
    "fnMap": {
      "0": {
        "name": "(anonymous_2)",
        "decl": { "start": { "line": 10, "column": 2 }, "end": { "line": 10, "column": 31 } },
        "loc": { "start": { "line": 10, "column": 46 }, "end": { "line": 10, "column": 50 } }
      },
      "1": {
        "name": "(anonymous_3)",
        "decl": { "start": { "line": 12, "column": 2 }, "end": { "line": 12, "column": 17 } },
        "loc": { "start": { "line": 12, "column": 47 }, "end": { "line": 20, "column": 3 } }
      },
      "2": {
        "name": "(anonymous_4)",
        "decl": { "start": { "line": 22, "column": 2 }, "end": { "line": 22, "column": 19 } },
        "loc": { "start": { "line": 22, "column": 33 }, "end": { "line": 24, "column": 3 } }
      },
      "3": {
        "name": "(anonymous_5)",
        "decl": { "start": { "line": 26, "column": 2 }, "end": { "line": 26, "column": 22 } },
        "loc": { "start": { "line": 26, "column": 52 }, "end": { "line": 34, "column": 3 } }
      },
      "4": {
        "name": "(anonymous_6)",
        "decl": { "start": { "line": 36, "column": 2 }, "end": { "line": 36, "column": 24 } },
        "loc": { "start": { "line": 36, "column": 38 }, "end": { "line": 42, "column": 3 } }
      }
    },
    "branchMap": {
      "0": {
        "loc": { "start": { "line": 18, "column": 25 }, "end": { "line": 18, "column": 71 } },
        "type": "binary-expr",
        "locations": [
          { "start": { "line": 18, "column": 25 }, "end": { "line": 18, "column": 62 } },
          { "start": { "line": 18, "column": 66 }, "end": { "line": 18, "column": 71 } }
        ]
      },
      "1": {
        "loc": { "start": { "line": 38, "column": 4 }, "end": { "line": 40, "column": 5 } },
        "type": "if",
        "locations": [{ "start": { "line": 38, "column": 4 }, "end": { "line": 40, "column": 5 } }]
      }
    },
    "s": {
      "0": 8,
      "1": 8,
      "2": 8,
      "3": 8,
      "4": 8,
      "5": 10,
      "6": 10,
      "7": 10,
      "8": 10,
      "9": 9,
      "10": 1,
      "11": 1,
      "12": 3,
      "13": 2,
      "14": 1,
      "15": 1,
      "16": 8,
      "17": 8
    },
    "f": { "0": 10, "1": 10, "2": 9, "3": 1, "4": 3 },
    "b": { "0": [10, 1], "1": [1] }
  },
  "/Users/danielbawa/Documents/sher/apps/api/src/common/filters/http-exception.filter.ts": {
    "path": "/Users/danielbawa/Documents/sher/apps/api/src/common/filters/http-exception.filter.ts",
    "statementMap": {
      "0": { "start": { "line": 2, "column": 0 }, "end": { "line": 2, "column": 66 } },
      "1": { "start": { "line": 6, "column": 38 }, "end": { "line": 17, "column": 4 } },
      "2": { "start": { "line": 18, "column": 2 }, "end": { "line": 18, "column": 37 } },
      "3": { "start": { "line": 22, "column": 7 }, "end": { "line": 60, "column": null } },
      "4": { "start": { "line": 24, "column": 16 }, "end": { "line": 24, "column": 35 } },
      "5": { "start": { "line": 25, "column": 21 }, "end": { "line": 25, "column": 48 } },
      "6": { "start": { "line": 26, "column": 19 }, "end": { "line": 26, "column": 40 } },
      "7": { "start": { "line": 27, "column": 17 }, "end": { "line": 27, "column": 40 } },
      "8": { "start": { "line": 33, "column": 4 }, "end": { "line": 51, "column": 5 } },
      "9": { "start": { "line": 34, "column": 6 }, "end": { "line": 34, "column": 34 } },
      "10": { "start": { "line": 35, "column": 6 }, "end": { "line": 35, "column": 21 } },
      "11": { "start": { "line": 37, "column": 22 }, "end": { "line": 37, "column": 53 } },
      "12": { "start": { "line": 39, "column": 6 }, "end": { "line": 50, "column": 7 } },
      "13": { "start": { "line": 41, "column": 8 }, "end": { "line": 41, "column": 34 } },
      "14": { "start": { "line": 42, "column": 8 }, "end": { "line": 42, "column": 38 } },
      "15": { "start": { "line": 43, "column": 8 }, "end": { "line": 43, "column": 37 } },
      "16": { "start": { "line": 47, "column": 8 }, "end": { "line": 47, "column": 67 } },
      "17": { "start": { "line": 48, "column": 8 }, "end": { "line": 48, "column": 70 } },
      "18": { "start": { "line": 49, "column": 8 }, "end": { "line": 49, "column": 37 } },
      "19": { "start": { "line": 53, "column": 47 }, "end": { "line": 53, "column": 64 } },
      "20": { "start": { "line": 54, "column": 4 }, "end": { "line": 56, "column": 5 } },
      "21": { "start": { "line": 55, "column": 6 }, "end": { "line": 55, "column": 37 } },
      "22": { "start": { "line": 58, "column": 4 }, "end": { "line": 58, "column": 55 } },
      "23": { "start": { "line": 22, "column": 13 }, "end": { "line": 22, "column": 32 } },
      "24": { "start": { "line": 22, "column": 13 }, "end": { "line": 60, "column": null } }
    },
    "fnMap": {
      "0": {
        "name": "statusToCode",
        "decl": { "start": { "line": 5, "column": 9 }, "end": { "line": 5, "column": 21 } },
        "loc": { "start": { "line": 5, "column": 36 }, "end": { "line": 19, "column": 1 } }
      },
      "1": {
        "name": "(anonymous_2)",
        "decl": { "start": { "line": 23, "column": 2 }, "end": { "line": 23, "column": 7 } },
        "loc": { "start": { "line": 23, "column": 53 }, "end": { "line": 59, "column": 3 } }
      }
    },
    "branchMap": {
      "0": {
        "loc": { "start": { "line": 18, "column": 9 }, "end": { "line": 18, "column": 36 } },
        "type": "binary-expr",
        "locations": [
          { "start": { "line": 18, "column": 9 }, "end": { "line": 18, "column": 20 } },
          { "start": { "line": 18, "column": 24 }, "end": { "line": 18, "column": 36 } }
        ]
      },
      "1": {
        "loc": { "start": { "line": 33, "column": 4 }, "end": { "line": 51, "column": 5 } },
        "type": "if",
        "locations": [
          { "start": { "line": 33, "column": 4 }, "end": { "line": 51, "column": 5 } },
          { "start": { "line": 36, "column": 11 }, "end": { "line": 51, "column": 5 } }
        ]
      },
      "2": {
        "loc": { "start": { "line": 39, "column": 6 }, "end": { "line": 50, "column": 7 } },
        "type": "if",
        "locations": [
          { "start": { "line": 39, "column": 6 }, "end": { "line": 50, "column": 7 } },
          { "start": { "line": 44, "column": 13 }, "end": { "line": 50, "column": 7 } }
        ]
      },
      "3": {
        "loc": { "start": { "line": 47, "column": 16 }, "end": { "line": 47, "column": 66 } },
        "type": "binary-expr",
        "locations": [
          { "start": { "line": 47, "column": 16 }, "end": { "line": 47, "column": 42 } },
          { "start": { "line": 47, "column": 46 }, "end": { "line": 47, "column": 66 } }
        ]
      },
      "4": {
        "loc": { "start": { "line": 48, "column": 19 }, "end": { "line": 48, "column": 69 } },
        "type": "binary-expr",
        "locations": [
          { "start": { "line": 48, "column": 19 }, "end": { "line": 48, "column": 48 } },
          { "start": { "line": 48, "column": 52 }, "end": { "line": 48, "column": 69 } }
        ]
      },
      "5": {
        "loc": { "start": { "line": 54, "column": 4 }, "end": { "line": 56, "column": 5 } },
        "type": "if",
        "locations": [{ "start": { "line": 54, "column": 4 }, "end": { "line": 56, "column": 5 } }]
      }
    },
    "s": {
      "0": 3,
      "1": 11,
      "2": 11,
      "3": 3,
      "4": 17,
      "5": 17,
      "6": 17,
      "7": 17,
      "8": 17,
      "9": 3,
      "10": 3,
      "11": 14,
      "12": 14,
      "13": 4,
      "14": 4,
      "15": 4,
      "16": 10,
      "17": 10,
      "18": 10,
      "19": 17,
      "20": 17,
      "21": 5,
      "22": 17,
      "23": 3,
      "24": 3
    },
    "f": { "0": 11, "1": 17 },
    "b": { "0": [11, 1], "1": [3, 14], "2": [4, 10], "3": [10, 8], "4": [10, 0], "5": [5] }
  },
  "/Users/danielbawa/Documents/sher/apps/api/src/common/interceptors/response-envelope.interceptor.ts": {
    "path": "/Users/danielbawa/Documents/sher/apps/api/src/common/interceptors/response-envelope.interceptor.ts",
    "statementMap": {
      "0": { "start": { "line": 2, "column": 0 }, "end": { "line": 2, "column": 44 } },
      "1": { "start": { "line": 4, "column": 0 }, "end": { "line": 4, "column": 37 } },
      "2": { "start": { "line": 12, "column": 7 }, "end": { "line": 16, "column": null } },
      "3": { "start": { "line": 14, "column": 4 }, "end": { "line": 14, "column": 57 } },
      "4": { "start": { "line": 14, "column": 45 }, "end": { "line": 14, "column": 53 } },
      "5": { "start": { "line": 12, "column": 13 }, "end": { "line": 12, "column": 40 } },
      "6": { "start": { "line": 12, "column": 13 }, "end": { "line": 16, "column": null } }
    },
    "fnMap": {
      "0": {
        "name": "(anonymous_1)",
        "decl": { "start": { "line": 13, "column": 2 }, "end": { "line": 13, "column": 11 } },
        "loc": { "start": { "line": 13, "column": 60 }, "end": { "line": 15, "column": 3 } }
      },
      "1": {
        "name": "(anonymous_2)",
        "decl": { "start": { "line": 14, "column": 34 }, "end": { "line": 14, "column": 35 } },
        "loc": { "start": { "line": 14, "column": 45 }, "end": { "line": 14, "column": 53 } }
      }
    },
    "branchMap": {},
    "s": { "0": 3, "1": 3, "2": 3, "3": 28, "4": 22, "5": 3, "6": 3 },
    "f": { "0": 28, "1": 22 },
    "b": {}
  },
  "/Users/danielbawa/Documents/sher/apps/api/src/common/middleware/request-id.middleware.ts": {
    "path": "/Users/danielbawa/Documents/sher/apps/api/src/common/middleware/request-id.middleware.ts",
    "statementMap": {
      "0": { "start": { "line": 2, "column": 0 }, "end": { "line": 2, "column": 44 } },
      "1": { "start": { "line": 4, "column": 0 }, "end": { "line": 4, "column": 41 } },
      "2": { "start": { "line": 7, "column": 7 }, "end": { "line": 16, "column": null } },
      "3": { "start": { "line": 9, "column": 21 }, "end": { "line": 9, "column": 48 } },
      "4": { "start": { "line": 10, "column": 22 }, "end": { "line": 10, "column": 99 } },
      "5": { "start": { "line": 12, "column": 4 }, "end": { "line": 12, "column": 44 } },
      "6": { "start": { "line": 13, "column": 4 }, "end": { "line": 13, "column": 45 } },
      "7": { "start": { "line": 14, "column": 4 }, "end": { "line": 14, "column": 11 } },
      "8": { "start": { "line": 7, "column": 13 }, "end": { "line": 7, "column": 32 } },
      "9": { "start": { "line": 7, "column": 13 }, "end": { "line": 16, "column": null } }
    },
    "fnMap": {
      "0": {
        "name": "(anonymous_1)",
        "decl": { "start": { "line": 8, "column": 2 }, "end": { "line": 8, "column": 5 } },
        "loc": { "start": { "line": 8, "column": 53 }, "end": { "line": 15, "column": 3 } }
      }
    },
    "branchMap": {
      "0": {
        "loc": { "start": { "line": 10, "column": 22 }, "end": { "line": 10, "column": 99 } },
        "type": "cond-expr",
        "locations": [
          { "start": { "line": 10, "column": 76 }, "end": { "line": 10, "column": 84 } },
          { "start": { "line": 10, "column": 87 }, "end": { "line": 10, "column": 99 } }
        ]
      },
      "1": {
        "loc": { "start": { "line": 10, "column": 22 }, "end": { "line": 10, "column": 73 } },
        "type": "binary-expr",
        "locations": [
          { "start": { "line": 10, "column": 22 }, "end": { "line": 10, "column": 50 } },
          { "start": { "line": 10, "column": 54 }, "end": { "line": 10, "column": 73 } }
        ]
      }
    },
    "s": { "0": 2, "1": 2, "2": 2, "3": 4, "4": 4, "5": 4, "6": 4, "7": 4, "8": 2, "9": 2 },
    "f": { "0": 4 },
    "b": { "0": [1, 3], "1": [4, 2] }
  },
  "/Users/danielbawa/Documents/sher/apps/api/src/health/health.controller.ts": {
    "path": "/Users/danielbawa/Documents/sher/apps/api/src/health/health.controller.ts",
    "statementMap": {
      "0": { "start": { "line": 1, "column": 0 }, "end": { "line": 1, "column": 86 } },
      "1": { "start": { "line": 3, "column": 0 }, "end": { "line": 3, "column": 53 } },
      "2": { "start": { "line": 6, "column": 0 }, "end": { "line": 6, "column": 57 } },
      "3": { "start": { "line": 18, "column": 7 }, "end": { "line": 58, "column": null } },
      "4": { "start": { "line": 20, "column": 21 }, "end": { "line": 20, "column": 29 } },
      "5": { "start": { "line": 21, "column": 43 }, "end": { "line": 21, "column": 55 } },
      "6": { "start": { "line": 26, "column": 4 }, "end": { "line": 26, "column": 65 } },
      "7": { "start": { "line": 31, "column": 51 }, "end": { "line": 31, "column": 53 } },
      "8": { "start": { "line": 33, "column": 4 }, "end": { "line": 38, "column": 5 } },
      "9": { "start": { "line": 34, "column": 6 }, "end": { "line": 34, "column": 44 } },
      "10": { "start": { "line": 35, "column": 6 }, "end": { "line": 35, "column": 32 } },
      "11": { "start": { "line": 37, "column": 6 }, "end": { "line": 37, "column": 35 } },
      "12": { "start": { "line": 40, "column": 4 }, "end": { "line": 45, "column": 5 } },
      "13": { "start": { "line": 41, "column": 20 }, "end": { "line": 41, "column": 43 } },
      "14": { "start": { "line": 42, "column": 6 }, "end": { "line": 42, "column": 58 } },
      "15": { "start": { "line": 44, "column": 6 }, "end": { "line": 44, "column": 32 } },
      "16": { "start": { "line": 47, "column": 18 }, "end": { "line": 47, "column": 64 } },
      "17": { "start": { "line": 47, "column": 53 }, "end": { "line": 47, "column": 63 } },
      "18": { "start": { "line": 48, "column": 4 }, "end": { "line": 54, "column": 5 } },
      "19": { "start": { "line": 49, "column": 6 }, "end": { "line": 53, "column": 9 } },
      "20": { "start": { "line": 56, "column": 4 }, "end": { "line": 56, "column": 73 } },
      "21": { "start": { "line": 18, "column": 13 }, "end": { "line": 18, "column": 29 } },
      "22": { "start": { "line": 25, "column": 2 }, "end": { "line": 27, "column": null } },
      "23": { "start": { "line": 30, "column": 8 }, "end": { "line": 57, "column": null } },
      "24": { "start": { "line": 18, "column": 13 }, "end": { "line": 58, "column": null } }
    },
    "fnMap": {
      "0": {
        "name": "(anonymous_4)",
        "decl": { "start": { "line": 19, "column": 2 }, "end": { "line": 19, "column": null } },
        "loc": { "start": { "line": 21, "column": 55 }, "end": { "line": 22, "column": 6 } }
      },
      "1": {
        "name": "(anonymous_5)",
        "decl": { "start": { "line": 25, "column": 2 }, "end": { "line": 25, "column": 10 } },
        "loc": { "start": { "line": 25, "column": 10 }, "end": { "line": 27, "column": 3 } }
      },
      "2": {
        "name": "(anonymous_6)",
        "decl": { "start": { "line": 30, "column": 2 }, "end": { "line": 30, "column": 7 } },
        "loc": { "start": { "line": 30, "column": 17 }, "end": { "line": 57, "column": 3 } }
      },
      "3": {
        "name": "(anonymous_7)",
        "decl": { "start": { "line": 47, "column": 46 }, "end": { "line": 47, "column": 47 } },
        "loc": { "start": { "line": 47, "column": 53 }, "end": { "line": 47, "column": 63 } }
      }
    },
    "branchMap": {
      "0": {
        "loc": { "start": { "line": 42, "column": 24 }, "end": { "line": 42, "column": 57 } },
        "type": "cond-expr",
        "locations": [
          { "start": { "line": 42, "column": 43 }, "end": { "line": 42, "column": 47 } },
          { "start": { "line": 42, "column": 50 }, "end": { "line": 42, "column": 57 } }
        ]
      },
      "1": {
        "loc": { "start": { "line": 48, "column": 4 }, "end": { "line": 54, "column": 5 } },
        "type": "if",
        "locations": [{ "start": { "line": 48, "column": 4 }, "end": { "line": 54, "column": 5 } }]
      }
    },
    "s": {
      "0": 2,
      "1": 2,
      "2": 2,
      "3": 2,
      "4": 7,
      "5": 7,
      "6": 1,
      "7": 5,
      "8": 5,
      "9": 5,
      "10": 3,
      "11": 2,
      "12": 5,
      "13": 5,
      "14": 3,
      "15": 2,
      "16": 5,
      "17": 8,
      "18": 5,
      "19": 4,
      "20": 1,
      "21": 2,
      "22": 2,
      "23": 2,
      "24": 2
    },
    "f": { "0": 7, "1": 1, "2": 5, "3": 8 },
    "b": { "0": [2, 1], "1": [4] }
  },
  "/Users/danielbawa/Documents/sher/apps/api/src/prisma/prisma.service.ts": {
    "path": "/Users/danielbawa/Documents/sher/apps/api/src/prisma/prisma.service.ts",
    "statementMap": {
      "0": { "start": { "line": 2, "column": 0 }, "end": { "line": 2, "column": 44 } },
      "1": { "start": { "line": 3, "column": 0 }, "end": { "line": 3, "column": 46 } },
      "2": { "start": { "line": 6, "column": 7 }, "end": { "line": 14, "column": null } },
      "3": { "start": { "line": 8, "column": 4 }, "end": { "line": 8, "column": 26 } },
      "4": { "start": { "line": 12, "column": 4 }, "end": { "line": 12, "column": 29 } },
      "5": { "start": { "line": 6, "column": 13 }, "end": { "line": 6, "column": 26 } },
      "6": { "start": { "line": 6, "column": 13 }, "end": { "line": 14, "column": null } }
    },
    "fnMap": {
      "0": {
        "name": "(anonymous_1)",
        "decl": { "start": { "line": 7, "column": 2 }, "end": { "line": 7, "column": 7 } },
        "loc": { "start": { "line": 7, "column": 20 }, "end": { "line": 9, "column": 3 } }
      },
      "1": {
        "name": "(anonymous_2)",
        "decl": { "start": { "line": 11, "column": 2 }, "end": { "line": 11, "column": 7 } },
        "loc": { "start": { "line": 11, "column": 23 }, "end": { "line": 13, "column": 3 } }
      }
    },
    "branchMap": {},
    "s": { "0": 10, "1": 10, "2": 10, "3": 1, "4": 1, "5": 10, "6": 10 },
    "f": { "0": 1, "1": 1 },
    "b": {}
  },
  "/Users/danielbawa/Documents/sher/apps/api/src/users/users.controller.ts": {
    "path": "/Users/danielbawa/Documents/sher/apps/api/src/users/users.controller.ts",
    "statementMap": {
      "0": { "start": { "line": 1, "column": 0 }, "end": { "line": 1, "column": 95 } },
      "1": { "start": { "line": 2, "column": 0 }, "end": { "line": 2, "column": 72 } },
      "2": { "start": { "line": 3, "column": 0 }, "end": { "line": 3, "column": 61 } },
      "3": { "start": { "line": 5, "column": 0 }, "end": { "line": 5, "column": 48 } },
      "4": { "start": { "line": 6, "column": 0 }, "end": { "line": 6, "column": 47 } },
      "5": { "start": { "line": 10, "column": 7 }, "end": { "line": 24, "column": null } },
      "6": { "start": { "line": 11, "column": 31 }, "end": { "line": 11, "column": 38 } },
      "7": { "start": { "line": 16, "column": 4 }, "end": { "line": 16, "column": 37 } },
      "8": { "start": { "line": 22, "column": 4 }, "end": { "line": 22, "column": 44 } },
      "9": { "start": { "line": 10, "column": 13 }, "end": { "line": 10, "column": 28 } },
      "10": { "start": { "line": 15, "column": 2 }, "end": { "line": 17, "column": null } },
      "11": { "start": { "line": 21, "column": 2 }, "end": { "line": 23, "column": null } },
      "12": { "start": { "line": 10, "column": 13 }, "end": { "line": 24, "column": null } }
    },
    "fnMap": {
      "0": {
        "name": "(anonymous_4)",
        "decl": { "start": { "line": 11, "column": 2 }, "end": { "line": 11, "column": 31 } },
        "loc": { "start": { "line": 11, "column": 50 }, "end": { "line": 11, "column": 54 } }
      },
      "1": {
        "name": "(anonymous_5)",
        "decl": { "start": { "line": 15, "column": 2 }, "end": { "line": 15, "column": 7 } },
        "loc": { "start": { "line": 15, "column": 46 }, "end": { "line": 17, "column": 3 } }
      },
      "2": {
        "name": "(anonymous_6)",
        "decl": { "start": { "line": 21, "column": 2 }, "end": { "line": 21, "column": 9 } },
        "loc": { "start": { "line": 21, "column": 73 }, "end": { "line": 23, "column": 3 } }
      }
    },
    "branchMap": {},
    "s": {
      "0": 2,
      "1": 2,
      "2": 2,
      "3": 2,
      "4": 2,
      "5": 2,
      "6": 2,
      "7": 1,
      "8": 1,
      "9": 2,
      "10": 2,
      "11": 2,
      "12": 2
    },
    "f": { "0": 2, "1": 1, "2": 1 },
    "b": {}
  },
  "/Users/danielbawa/Documents/sher/apps/api/src/users/users.service.ts": {
    "path": "/Users/danielbawa/Documents/sher/apps/api/src/users/users.service.ts",
    "statementMap": {
      "0": { "start": { "line": 1, "column": 0 }, "end": { "line": 1, "column": 63 } },
      "1": { "start": { "line": 3, "column": 0 }, "end": { "line": 3, "column": 57 } },
      "2": { "start": { "line": 4, "column": 0 }, "end": { "line": 4, "column": 72 } },
      "3": { "start": { "line": 20, "column": 7 }, "end": { "line": 68, "column": null } },
      "4": { "start": { "line": 22, "column": 21 }, "end": { "line": 22, "column": 29 } },
      "5": { "start": { "line": 23, "column": 21 }, "end": { "line": 23, "column": 34 } },
      "6": { "start": { "line": 27, "column": 17 }, "end": { "line": 27, "column": 77 } },
      "7": { "start": { "line": 28, "column": 4 }, "end": { "line": 28, "column": 79 } },
      "8": { "start": { "line": 28, "column": 33 }, "end": { "line": 28, "column": 79 } },
      "9": { "start": { "line": 29, "column": 4 }, "end": { "line": 29, "column": 31 } },
      "10": { "start": { "line": 33, "column": 20 }, "end": { "line": 33, "column": 80 } },
      "11": { "start": { "line": 34, "column": 4 }, "end": { "line": 34, "column": 85 } },
      "12": { "start": { "line": 34, "column": 39 }, "end": { "line": 34, "column": 85 } },
      "13": { "start": { "line": 36, "column": 25 }, "end": { "line": 36, "column": 79 } },
      "14": { "start": { "line": 38, "column": 20 }, "end": { "line": 46, "column": 6 } },
      "15": { "start": { "line": 48, "column": 4 }, "end": { "line": 51, "column": 5 } },
      "16": { "start": { "line": 50, "column": 6 }, "end": { "line": 50, "column": 65 } },
      "17": { "start": { "line": 53, "column": 4 }, "end": { "line": 53, "column": 34 } },
      "18": { "start": { "line": 57, "column": 4 }, "end": { "line": 66, "column": 6 } },
      "19": { "start": { "line": 20, "column": 13 }, "end": { "line": 20, "column": 25 } },
      "20": { "start": { "line": 20, "column": 13 }, "end": { "line": 68, "column": null } }
    },
    "fnMap": {
      "0": {
        "name": "(anonymous_2)",
        "decl": { "start": { "line": 21, "column": 2 }, "end": { "line": 21, "column": null } },
        "loc": { "start": { "line": 23, "column": 52 }, "end": { "line": 24, "column": 6 } }
      },
      "1": {
        "name": "(anonymous_3)",
        "decl": { "start": { "line": 26, "column": 2 }, "end": { "line": 26, "column": 7 } },
        "loc": { "start": { "line": 26, "column": 28 }, "end": { "line": 30, "column": 3 } }
      },
      "2": {
        "name": "(anonymous_4)",
        "decl": { "start": { "line": 32, "column": 2 }, "end": { "line": 32, "column": 7 } },
        "loc": { "start": { "line": 32, "column": 47 }, "end": { "line": 54, "column": 3 } }
      },
      "3": {
        "name": "(anonymous_5)",
        "decl": { "start": { "line": 56, "column": 10 }, "end": { "line": 56, "column": 18 } },
        "loc": { "start": { "line": 56, "column": 29 }, "end": { "line": 67, "column": 3 } }
      }
    },
    "branchMap": {
      "0": {
        "loc": { "start": { "line": 28, "column": 4 }, "end": { "line": 28, "column": 79 } },
        "type": "if",
        "locations": [{ "start": { "line": 28, "column": 4 }, "end": { "line": 28, "column": 79 } }]
      },
      "1": {
        "loc": { "start": { "line": 28, "column": 8 }, "end": { "line": 28, "column": 31 } },
        "type": "binary-expr",
        "locations": [
          { "start": { "line": 28, "column": 8 }, "end": { "line": 28, "column": 13 } },
          { "start": { "line": 28, "column": 17 }, "end": { "line": 28, "column": 31 } }
        ]
      },
      "2": {
        "loc": { "start": { "line": 34, "column": 4 }, "end": { "line": 34, "column": 85 } },
        "type": "if",
        "locations": [{ "start": { "line": 34, "column": 4 }, "end": { "line": 34, "column": 85 } }]
      },
      "3": {
        "loc": { "start": { "line": 34, "column": 8 }, "end": { "line": 34, "column": 37 } },
        "type": "binary-expr",
        "locations": [
          { "start": { "line": 34, "column": 8 }, "end": { "line": 34, "column": 16 } },
          { "start": { "line": 34, "column": 20 }, "end": { "line": 34, "column": 37 } }
        ]
      },
      "4": {
        "loc": { "start": { "line": 36, "column": 25 }, "end": { "line": 36, "column": 79 } },
        "type": "binary-expr",
        "locations": [
          { "start": { "line": 36, "column": 25 }, "end": { "line": 36, "column": 48 } },
          { "start": { "line": 36, "column": 52 }, "end": { "line": 36, "column": 79 } }
        ]
      },
      "5": {
        "loc": { "start": { "line": 41, "column": 12 }, "end": { "line": 41, "column": 77 } },
        "type": "binary-expr",
        "locations": [
          { "start": { "line": 41, "column": 12 }, "end": { "line": 41, "column": 41 } },
          { "start": { "line": 41, "column": 45 }, "end": { "line": 41, "column": 77 } }
        ]
      },
      "6": {
        "loc": { "start": { "line": 42, "column": 12 }, "end": { "line": 42, "column": 71 } },
        "type": "binary-expr",
        "locations": [
          { "start": { "line": 42, "column": 12 }, "end": { "line": 42, "column": 39 } },
          { "start": { "line": 42, "column": 43 }, "end": { "line": 42, "column": 71 } }
        ]
      },
      "7": {
        "loc": { "start": { "line": 43, "column": 12 }, "end": { "line": 43, "column": 92 } },
        "type": "binary-expr",
        "locations": [
          { "start": { "line": 43, "column": 12 }, "end": { "line": 43, "column": 46 } },
          { "start": { "line": 43, "column": 50 }, "end": { "line": 43, "column": 92 } }
        ]
      },
      "8": {
        "loc": { "start": { "line": 44, "column": 12 }, "end": { "line": 44, "column": 70 } },
        "type": "binary-expr",
        "locations": [
          { "start": { "line": 44, "column": 12 }, "end": { "line": 44, "column": 24 } },
          { "start": { "line": 44, "column": 28 }, "end": { "line": 44, "column": 70 } }
        ]
      },
      "9": {
        "loc": { "start": { "line": 48, "column": 4 }, "end": { "line": 51, "column": 5 } },
        "type": "if",
        "locations": [{ "start": { "line": 48, "column": 4 }, "end": { "line": 51, "column": 5 } }]
      },
      "10": {
        "loc": { "start": { "line": 48, "column": 8 }, "end": { "line": 48, "column": 33 } },
        "type": "binary-expr",
        "locations": [
          { "start": { "line": 48, "column": 8 }, "end": { "line": 48, "column": 20 } },
          { "start": { "line": 48, "column": 24 }, "end": { "line": 48, "column": 33 } }
        ]
      }
    },
    "s": {
      "0": 3,
      "1": 3,
      "2": 3,
      "3": 3,
      "4": 9,
      "5": 9,
      "6": 3,
      "7": 3,
      "8": 2,
      "9": 1,
      "10": 5,
      "11": 5,
      "12": 1,
      "13": 4,
      "14": 4,
      "15": 4,
      "16": 1,
      "17": 4,
      "18": 5,
      "19": 3,
      "20": 3
    },
    "f": { "0": 9, "1": 3, "2": 5, "3": 5 },
    "b": {
      "0": [2],
      "1": [3, 2],
      "2": [1],
      "3": [5, 5],
      "4": [4, 2],
      "5": [4, 1],
      "6": [4, 0],
      "7": [4, 1],
      "8": [4, 1],
      "9": [1],
      "10": [4, 1]
    }
  }
}
