TN:
SF:src/auth/auth.controller.ts
FN:29,(anonymous_4)
FN:38,(anonymous_5)
FN:45,(anonymous_6)
FN:52,(anonymous_7)
FN:58,(anonymous_8)
FN:65,(anonymous_9)
FN:71,(anonymous_10)
FN:77,(anonymous_11)
FN:91,(anonymous_12)
FN:102,(anonymous_13)
FNF:10
FNH:10
FNDA:2,(anonymous_4)
FNDA:1,(anonymous_5)
FNDA:8,(anonymous_6)
FNDA:3,(anonymous_7)
FNDA:2,(anonymous_8)
FNDA:1,(anonymous_9)
FNDA:1,(anonymous_10)
FNDA:1,(anonymous_11)
FNDA:1,(anonymous_12)
FNDA:1,(anonymous_13)
DA:1,2
DA:12,2
DA:13,2
DA:14,2
DA:15,2
DA:16,2
DA:17,2
DA:18,2
DA:19,2
DA:20,2
DA:21,2
DA:22,2
DA:23,2
DA:28,2
DA:30,2
DA:31,2
DA:32,2
DA:38,2
DA:39,1
DA:45,2
DA:46,8
DA:52,2
DA:53,3
DA:58,2
DA:59,2
DA:65,2
DA:66,1
DA:71,2
DA:72,1
DA:77,2
DA:81,1
DA:86,1
DA:91,2
DA:95,1
DA:102,2
DA:103,1
LF:36
LH:36
BRF:0
BRH:0
end_of_record
TN:
SF:src/auth/auth.service.ts
FN:24,(anonymous_2)
FN:32,(anonymous_3)
FN:36,(anonymous_4)
FN:81,(anonymous_5)
FN:88,(anonymous_6)
FN:92,(anonymous_7)
FNF:6
FNH:6
FNDA:11,(anonymous_2)
FNDA:2,(anonymous_3)
FNDA:13,(anonymous_4)
FNDA:4,(anonymous_5)
FNDA:3,(anonymous_6)
FNDA:2,(anonymous_7)
DA:1,3
DA:3,3
DA:5,3
DA:6,3
DA:7,3
DA:8,3
DA:23,3
DA:25,11
DA:26,11
DA:27,11
DA:28,11
DA:29,11
DA:33,2
DA:37,13
DA:39,13
DA:40,13
DA:42,13
DA:43,2
DA:49,11
DA:50,9
DA:57,9
DA:59,2
DA:62,11
DA:63,11
DA:67,11
DA:82,4
DA:83,2
DA:84,2
DA:85,2
DA:89,3
DA:93,2
DA:94,2
LF:32
LH:32
BRDA:42,0,0,2
BRDA:42,1,0,13
BRDA:42,1,1,11
BRDA:49,2,0,9
BRDA:49,2,1,2
BRDA:54,3,0,9
BRDA:54,3,1,8
BRF:7
BRH:7
end_of_record
TN:
SF:src/auth/decorators/current-user.decorator.ts
FN:7,(anonymous_0)
FNF:1
FNH:1
FNDA:8,(anonymous_0)
DA:2,3
DA:6,3
DA:8,8
DA:10,8
LF:4
LH:4
BRF:0
BRH:0
end_of_record
TN:
SF:src/auth/decorators/public.decorator.ts
FN:5,(anonymous_0)
FNF:1
FNH:1
FNDA:8,(anonymous_0)
DA:1,4
DA:3,4
DA:5,8
LF:3
LH:3
BRF:0
BRH:0
end_of_record
TN:
SF:src/auth/email/email-verify.service.ts
FN:14,(anonymous_2)
FN:19,(anonymous_3)
FN:29,(anonymous_4)
FN:56,(anonymous_5)
FNF:4
FNH:4
FNDA:10,(anonymous_2)
FNDA:2,(anonymous_3)
FNDA:5,(anonymous_4)
FNDA:3,(anonymous_5)
DA:1,6
DA:2,6
DA:3,6
DA:11,6
DA:12,10
DA:15,10
DA:16,10
DA:21,2
DA:22,2
DA:23,2
DA:25,2
DA:31,5
DA:32,5
DA:34,1
DA:37,4
DA:38,4
DA:39,1
DA:41,3
DA:42,1
DA:46,2
DA:47,1
DA:50,1
DA:57,3
DA:58,3
DA:59,1
DA:61,2
DA:62,1
DA:64,1
LF:28
LH:28
BRDA:23,0,0,2
BRDA:38,1,0,1
BRDA:41,2,0,1
BRDA:46,3,0,1
BRDA:58,4,0,1
BRDA:61,5,0,1
BRF:6
BRH:6
end_of_record
TN:
SF:src/auth/guards/jwt-auth.guard.ts
FN:10,(anonymous_2)
FN:15,(anonymous_3)
FNF:2
FNH:2
FNDA:10,(anonymous_2)
FNDA:27,(anonymous_3)
DA:2,4
DA:3,4
DA:5,4
DA:6,4
DA:9,4
DA:11,10
DA:12,10
DA:16,27
DA:20,27
DA:22,12
DA:23,12
DA:25,12
DA:26,3
DA:29,9
DA:30,9
DA:31,9
DA:32,7
DA:33,7
DA:35,2
LF:19
LH:19
BRDA:20,0,0,15
BRDA:25,1,0,3
BRF:2
BRH:2
end_of_record
TN:
SF:src/auth/guards/roles.guard.ts
FN:15,(anonymous_2)
FN:17,(anonymous_3)
FNF:2
FNH:2
FNDA:5,(anonymous_2)
FNDA:3,(anonymous_3)
DA:2,3
DA:3,3
DA:5,3
DA:14,3
DA:15,5
DA:18,3
DA:22,3
DA:25,1
LF:8
LH:8
BRDA:22,0,0,2
BRDA:22,1,0,3
BRDA:22,1,1,2
BRF:3
BRH:3
end_of_record
TN:
SF:src/auth/guards/room-role.guard.ts
FN:14,(anonymous_2)
FN:16,(anonymous_3)
FNF:2
FNH:2
FNDA:3,(anonymous_2)
FNDA:1,(anonymous_3)
DA:2,3
DA:3,3
DA:5,3
DA:13,3
DA:14,3
DA:19,1
LF:6
LH:6
BRF:0
BRH:0
end_of_record
TN:
SF:src/auth/otp/otp.service.ts
FN:21,(anonymous_11)
FN:29,(anonymous_12)
FN:59,(anonymous_13)
FNF:3
FNH:3
FNDA:11,(anonymous_11)
FNDA:3,(anonymous_12)
FNDA:7,(anonymous_13)
DA:1,4
DA:2,4
DA:3,4
DA:4,4
DA:5,4
DA:6,4
DA:8,4
DA:9,4
DA:10,4
DA:11,4
DA:18,4
DA:22,11
DA:26,11
DA:30,3
DA:31,3
DA:35,3
DA:36,2
DA:41,1
DA:42,1
DA:43,1
DA:45,1
DA:49,1
DA:51,1
DA:60,7
DA:64,7
DA:65,1
DA:67,6
DA:68,1
DA:70,5
DA:71,1
DA:73,4
DA:74,1
DA:78,3
DA:83,3
DA:84,3
DA:85,2
DA:88,1
DA:93,1
LF:38
LH:38
BRDA:26,0,0,11
BRDA:26,0,1,0
BRDA:35,1,0,2
BRDA:64,2,0,1
BRDA:67,3,0,1
BRDA:70,4,0,1
BRDA:73,5,0,1
BRDA:84,6,0,2
BRF:8
BRH:7
end_of_record
TN:
SF:src/auth/otp/termii-mock.client.ts
FN:12,(anonymous_1)
FNF:1
FNH:1
FNDA:1,(anonymous_1)
DA:1,5
DA:9,5
DA:10,2
DA:14,1
DA:15,1
LF:5
LH:5
BRF:0
BRH:0
end_of_record
TN:
SF:src/auth/otp/termii.client.ts
FN:12,(anonymous_1)
FNF:1
FNH:1
FNDA:3,(anonymous_1)
DA:1,5
DA:9,5
DA:10,4
DA:13,3
DA:14,3
DA:16,3
DA:25,3
DA:26,3
DA:32,2
DA:33,1
DA:37,1
DA:40,1
DA:41,1
DA:43,1
DA:44,1
LF:15
LH:15
BRDA:14,0,0,3
BRDA:14,0,1,3
BRDA:32,1,0,1
BRF:3
BRH:3
end_of_record
TN:
SF:src/auth/token/refresh-token.service.ts
FN:7,hashToken
FN:18,(anonymous_3)
FN:20,(anonymous_4)
FN:37,(anonymous_5)
FN:70,(anonymous_6)
FN:78,(anonymous_7)
FNF:6
FNH:6
FNDA:21,hashToken
FNDA:10,(anonymous_3)
FNDA:11,(anonymous_4)
FNDA:7,(anonymous_5)
FNDA:3,(anonymous_6)
FNDA:2,(anonymous_7)
DA:1,4
DA:2,4
DA:3,4
DA:5,4
DA:8,21
DA:17,4
DA:18,10
DA:21,11
DA:22,11
DA:23,11
DA:24,11
DA:28,11
DA:30,11
DA:34,11
DA:38,7
DA:39,7
DA:41,7
DA:42,1
DA:45,6
DA:47,3
DA:51,3
DA:56,3
DA:57,1
DA:61,2
DA:66,2
DA:67,2
DA:71,3
DA:72,3
DA:79,2
LF:29
LH:29
BRDA:23,0,0,11
BRDA:23,0,1,8
BRDA:25,1,0,11
BRDA:25,1,1,0
BRDA:41,2,0,1
BRDA:45,3,0,3
BRDA:56,4,0,1
BRF:7
BRH:6
end_of_record
TN:
SF:src/auth/token/token.service.ts
FN:10,(anonymous_2)
FN:12,(anonymous_3)
FN:22,(anonymous_4)
FN:26,(anonymous_5)
FN:36,(anonymous_6)
FNF:5
FNH:5
FNDA:10,(anonymous_2)
FNDA:10,(anonymous_3)
FNDA:9,(anonymous_4)
FNDA:1,(anonymous_5)
FNDA:3,(anonymous_6)
DA:1,8
DA:2,8
DA:3,8
DA:6,8
DA:9,8
DA:10,10
DA:13,10
DA:18,10
DA:19,10
DA:23,9
DA:27,1
DA:33,1
DA:37,3
DA:38,2
DA:39,1
DA:41,1
LF:16
LH:16
BRDA:18,0,0,10
BRDA:18,0,1,1
BRDA:38,1,0,1
BRF:3
BRH:3
end_of_record
TN:
SF:src/common/filters/http-exception.filter.ts
FN:5,statusToCode
FN:23,(anonymous_2)
FNF:2
FNH:2
FNDA:11,statusToCode
FNDA:17,(anonymous_2)
DA:2,3
DA:6,11
DA:18,11
DA:22,3
DA:24,17
DA:25,17
DA:26,17
DA:27,17
DA:33,17
DA:34,3
DA:35,3
DA:37,14
DA:39,14
DA:41,4
DA:42,4
DA:43,4
DA:47,10
DA:48,10
DA:49,10
DA:53,17
DA:54,17
DA:55,5
DA:58,17
LF:23
LH:23
BRDA:18,0,0,11
BRDA:18,0,1,1
BRDA:33,1,0,3
BRDA:33,1,1,14
BRDA:39,2,0,4
BRDA:39,2,1,10
BRDA:47,3,0,10
BRDA:47,3,1,8
BRDA:48,4,0,10
BRDA:48,4,1,0
BRDA:54,5,0,5
BRF:11
BRH:10
end_of_record
TN:
SF:src/common/interceptors/response-envelope.interceptor.ts
FN:13,(anonymous_1)
FN:14,(anonymous_2)
FNF:2
FNH:2
FNDA:28,(anonymous_1)
FNDA:22,(anonymous_2)
DA:2,3
DA:4,3
DA:12,3
DA:14,28
LF:4
LH:4
BRF:0
BRH:0
end_of_record
TN:
SF:src/common/middleware/request-id.middleware.ts
FN:8,(anonymous_1)
FNF:1
FNH:1
FNDA:4,(anonymous_1)
DA:2,2
DA:4,2
DA:7,2
DA:9,4
DA:10,4
DA:12,4
DA:13,4
DA:14,4
LF:8
LH:8
BRDA:10,0,0,1
BRDA:10,0,1,3
BRDA:10,1,0,4
BRDA:10,1,1,2
BRF:4
BRH:4
end_of_record
TN:
SF:src/health/health.controller.ts
FN:19,(anonymous_4)
FN:25,(anonymous_5)
FN:30,(anonymous_6)
FN:47,(anonymous_7)
FNF:4
FNH:4
FNDA:7,(anonymous_4)
FNDA:1,(anonymous_5)
FNDA:5,(anonymous_6)
FNDA:8,(anonymous_7)
DA:1,2
DA:3,2
DA:6,2
DA:18,2
DA:20,7
DA:21,7
DA:25,2
DA:26,1
DA:30,2
DA:31,5
DA:33,5
DA:34,5
DA:35,3
DA:37,2
DA:40,5
DA:41,5
DA:42,3
DA:44,2
DA:47,8
DA:48,5
DA:49,4
DA:56,1
LF:22
LH:22
BRDA:42,0,0,2
BRDA:42,0,1,1
BRDA:48,1,0,4
BRF:3
BRH:3
end_of_record
TN:
SF:src/prisma/prisma.service.ts
FN:7,(anonymous_1)
FN:11,(anonymous_2)
FNF:2
FNH:2
FNDA:1,(anonymous_1)
FNDA:1,(anonymous_2)
DA:2,10
DA:3,10
DA:6,10
DA:8,1
DA:12,1
LF:5
LH:5
BRF:0
BRH:0
end_of_record
TN:
SF:src/users/users.controller.ts
FN:11,(anonymous_4)
FN:15,(anonymous_5)
FN:21,(anonymous_6)
FNF:3
FNH:3
FNDA:2,(anonymous_4)
FNDA:1,(anonymous_5)
FNDA:1,(anonymous_6)
DA:1,2
DA:2,2
DA:3,2
DA:5,2
DA:6,2
DA:10,2
DA:11,2
DA:15,2
DA:16,1
DA:21,2
DA:22,1
LF:11
LH:11
BRF:0
BRH:0
end_of_record
TN:
SF:src/users/users.service.ts
FN:21,(anonymous_2)
FN:26,(anonymous_3)
FN:32,(anonymous_4)
FN:56,(anonymous_5)
FNF:4
FNH:4
FNDA:9,(anonymous_2)
FNDA:3,(anonymous_3)
FNDA:5,(anonymous_4)
FNDA:5,(anonymous_5)
DA:1,3
DA:3,3
DA:4,3
DA:20,3
DA:22,9
DA:23,9
DA:27,3
DA:28,3
DA:29,1
DA:33,5
DA:34,5
DA:36,4
DA:38,4
DA:48,4
DA:50,1
DA:53,4
DA:57,5
LF:17
LH:17
BRDA:28,0,0,2
BRDA:28,1,0,3
BRDA:28,1,1,2
BRDA:34,2,0,1
BRDA:34,3,0,5
BRDA:34,3,1,5
BRDA:36,4,0,4
BRDA:36,4,1,2
BRDA:41,5,0,4
BRDA:41,5,1,1
BRDA:42,6,0,4
BRDA:42,6,1,0
BRDA:43,7,0,4
BRDA:43,7,1,1
BRDA:44,8,0,4
BRDA:44,8,1,1
BRDA:48,9,0,1
BRDA:48,10,0,4
BRDA:48,10,1,1
BRF:19
BRH:18
end_of_record
